build/outputs/logs/manifest-merger-debug-report.txt
-- Merging decision tree log ---
manifest
ADDED from Desktop/lumicall/AndroidManifest.xml:26:1-281:12
	package
		ADDED from Desktop/lumicall/AndroidManifest.xml:27:2-32
	android:versionName
		ADDED from Desktop/lumicall/AndroidManifest.xml:28:5-34
		INJECTED from Desktop/lumicall/AndroidManifest.xml
		INJECTED from Desktop/lumicall/AndroidManifest.xml
	android:versionCode
		ADDED from Desktop/lumicall/AndroidManifest.xml:29:5-30
		INJECTED from Desktop/lumicall/AndroidManifest.xml
		INJECTED from Desktop/lumicall/AndroidManifest.xml
	xmlns:android
		ADDED from Desktop/lumicall/AndroidManifest.xml:26:11-69
	android:installLocation
		ADDED from Desktop/lumicall/AndroidManifest.xml:30:5-35
uses-sdk
ADDED from Desktop/lumicall/AndroidManifest.xml:36:2-68
MERGED from [com.android.support:appcompat-v7:21.0.3] AndroidManifest.xml:15:5-42
MERGED from [com.android.support:support-v4:21.0.3] AndroidManifest.xml:15:5-42
	android:targetSdkVersion
		ADDED from Desktop/lumicall/AndroidManifest.xml:36:38-66
		INJECTED from Desktop/lumicall/AndroidManifest.xml
		INJECTED from Desktop/lumicall/AndroidManifest.xml
	android:minSdkVersion
		ADDED from Desktop/lumicall/AndroidManifest.xml:36:12-37
		INJECTED from Desktop/lumicall/AndroidManifest.xml
		INJECTED from Desktop/lumicall/AndroidManifest.xml
supports-screens
ADDED from Desktop/lumicall/AndroidManifest.xml:37:2-41:40
	android:largeScreens
		ADDED from Desktop/lumicall/AndroidManifest.xml:40:11-38
	android:smallScreens
		ADDED from Desktop/lumicall/AndroidManifest.xml:39:11-38
	android:normalScreens
		ADDED from Desktop/lumicall/AndroidManifest.xml:38:11-39
	android:anyDensity
		ADDED from Desktop/lumicall/AndroidManifest.xml:41:11-37
uses-feature#android.hardware.bluetooth
ADDED from Desktop/lumicall/AndroidManifest.xml:42:2-84
	android:required
		ADDED from Desktop/lumicall/AndroidManifest.xml:42:58-82
	android:name
		ADDED from Desktop/lumicall/AndroidManifest.xml:42:16-57
uses-feature#android.hardware.location
ADDED from Desktop/lumicall/AndroidManifest.xml:43:2-83
	android:required
		ADDED from Desktop/lumicall/AndroidManifest.xml:43:57-81
	android:name
		ADDED from Desktop/lumicall/AndroidManifest.xml:43:16-56
uses-feature#android.hardware.location.gps
ADDED from Desktop/lumicall/AndroidManifest.xml:44:2-87
	android:required
		ADDED from Desktop/lumicall/AndroidManifest.xml:44:61-85
	android:name
		ADDED from Desktop/lumicall/AndroidManifest.xml:44:16-60
uses-feature#android.hardware.telephony
ADDED from Desktop/lumicall/AndroidManifest.xml:45:2-84
	android:required
		ADDED from Desktop/lumicall/AndroidManifest.xml:45:58-82
	android:name
		ADDED from Desktop/lumicall/AndroidManifest.xml:45:16-57
uses-feature#android.hardware.touchscreen
ADDED from Desktop/lumicall/AndroidManifest.xml:46:2-86
	android:required
		ADDED from Desktop/lumicall/AndroidManifest.xml:46:60-84
	android:name
		ADDED from Desktop/lumicall/AndroidManifest.xml:46:16-59
uses-feature#android.hardware.wifi
ADDED from Desktop/lumicall/AndroidManifest.xml:47:2-79
	android:required
		ADDED from Desktop/lumicall/AndroidManifest.xml:47:53-77
	android:name
		ADDED from Desktop/lumicall/AndroidManifest.xml:47:16-52
uses-feature#android.hardware.camera
ADDED from Desktop/lumicall/AndroidManifest.xml:48:2-81
	android:required
		ADDED from Desktop/lumicall/AndroidManifest.xml:48:55-79
	android:name
		ADDED from Desktop/lumicall/AndroidManifest.xml:48:16-54
uses-permission#android.permission.INTERNET
ADDED from Desktop/lumicall/AndroidManifest.xml:50:2-80
	android:name
		ADDED from Desktop/lumicall/AndroidManifest.xml:50:19-61
uses-permission#android.permission.MODIFY_AUDIO_SETTINGS
ADDED from Desktop/lumicall/AndroidManifest.xml:51:2-93
	android:name
		ADDED from Desktop/lumicall/AndroidManifest.xml:51:19-74
uses-permission#android.permission.RECORD_AUDIO
ADDED from Desktop/lumicall/AndroidManifest.xml:52:2-84
	android:name
		ADDED from Desktop/lumicall/AndroidManifest.xml:52:19-65
uses-permission#android.permission.PROCESS_OUTGOING_CALLS
ADDED from Desktop/lumicall/AndroidManifest.xml:53:2-94
	android:name
		ADDED from Desktop/lumicall/AndroidManifest.xml:53:19-75
uses-permission#android.permission.WRITE_SETTINGS
ADDED from Desktop/lumicall/AndroidManifest.xml:54:2-86
	android:name
		ADDED from Desktop/lumicall/AndroidManifest.xml:54:19-67
uses-permission#android.permission.READ_PHONE_STATE
ADDED from Desktop/lumicall/AndroidManifest.xml:55:2-88
	android:name
		ADDED from Desktop/lumicall/AndroidManifest.xml:55:19-69
uses-permission#android.permission.ACCESS_WIFI_STATE
ADDED from Desktop/lumicall/AndroidManifest.xml:56:2-89
	android:name
		ADDED from Desktop/lumicall/AndroidManifest.xml:56:19-70
uses-permission#android.permission.RECEIVE_BOOT_COMPLETED
ADDED from Desktop/lumicall/AndroidManifest.xml:57:2-94
	android:name
		ADDED from Desktop/lumicall/AndroidManifest.xml:57:19-75
uses-permission#android.permission.READ_CONTACTS
ADDED from Desktop/lumicall/AndroidManifest.xml:58:2-85
	android:name
		ADDED from Desktop/lumicall/AndroidManifest.xml:58:19-66
uses-permission#android.permission.WRITE_CONTACTS
ADDED from Desktop/lumicall/AndroidManifest.xml:59:2-86
	android:name
		ADDED from Desktop/lumicall/AndroidManifest.xml:59:19-67
uses-permission#android.permission.CALL_PHONE
ADDED from Desktop/lumicall/AndroidManifest.xml:60:2-82
	android:name
		ADDED from Desktop/lumicall/AndroidManifest.xml:60:19-63
uses-permission#android.permission.WAKE_LOCK
ADDED from Desktop/lumicall/AndroidManifest.xml:61:2-81
	android:name
		ADDED from Desktop/lumicall/AndroidManifest.xml:61:19-62
uses-permission#android.permission.DISABLE_KEYGUARD
ADDED from Desktop/lumicall/AndroidManifest.xml:62:2-88
	android:name
		ADDED from Desktop/lumicall/AndroidManifest.xml:62:19-69
uses-permission#android.permission.CAMERA
ADDED from Desktop/lumicall/AndroidManifest.xml:63:2-78
	android:name
		ADDED from Desktop/lumicall/AndroidManifest.xml:63:19-59
uses-permission#android.permission.VIBRATE
ADDED from Desktop/lumicall/AndroidManifest.xml:64:2-80
	android:name
		ADDED from Desktop/lumicall/AndroidManifest.xml:64:19-60
uses-permission#android.permission.ACCESS_NETWORK_STATE
ADDED from Desktop/lumicall/AndroidManifest.xml:69:2-93
	android:name
		ADDED from Desktop/lumicall/AndroidManifest.xml:69:19-73
uses-permission#android.permission.CHANGE_WIFI_STATE
ADDED from Desktop/lumicall/AndroidManifest.xml:70:2-90
	android:name
		ADDED from Desktop/lumicall/AndroidManifest.xml:70:19-70
uses-permission#android.permission.BLUETOOTH
ADDED from Desktop/lumicall/AndroidManifest.xml:72:2-82
	android:name
		ADDED from Desktop/lumicall/AndroidManifest.xml:72:19-62
uses-permission#android.permission.GET_ACCOUNTS
ADDED from Desktop/lumicall/AndroidManifest.xml:73:2-85
	android:name
		ADDED from Desktop/lumicall/AndroidManifest.xml:73:19-65
uses-permission#android.permission.RECEIVE_SMS
ADDED from Desktop/lumicall/AndroidManifest.xml:74:2-67
	android:name
		ADDED from Desktop/lumicall/AndroidManifest.xml:74:19-64
uses-permission#android.permission.SEND_SMS
ADDED from Desktop/lumicall/AndroidManifest.xml:75:2-64
	android:name
		ADDED from Desktop/lumicall/AndroidManifest.xml:75:19-61
uses-permission#android.permission.CHANGE_WIFI_MULTICAST_STATE
ADDED from Desktop/lumicall/AndroidManifest.xml:76:2-83
	android:name
		ADDED from Desktop/lumicall/AndroidManifest.xml:76:19-80
application
ADDED from Desktop/lumicall/AndroidManifest.xml:78:2-280:19
MERGED from [com.android.support:appcompat-v7:21.0.3] AndroidManifest.xml:16:5-19
MERGED from [com.android.support:support-v4:21.0.3] AndroidManifest.xml:16:5-19
	android:label
		ADDED from Desktop/lumicall/AndroidManifest.xml:78:47-79
	android:debuggable
		ADDED from Desktop/lumicall/AndroidManifest.xml:78:80-106
	android:icon
		ADDED from Desktop/lumicall/AndroidManifest.xml:78:15-46
activity#org.sipdroid.sipua.ui.Sipdroid
ADDED from Desktop/lumicall/AndroidManifest.xml:79:6-88:20
	android:label
		ADDED from Desktop/lumicall/AndroidManifest.xml:81:13-45
	android:launchMode
		ADDED from Desktop/lumicall/AndroidManifest.xml:81:46-81
	android:configChanges
		ADDED from Desktop/lumicall/AndroidManifest.xml:83:10-60
	android:theme
		ADDED from Desktop/lumicall/AndroidManifest.xml:82:13-57
	android:name
		ADDED from Desktop/lumicall/AndroidManifest.xml:80:13-58
activity#org.lumicall.android.sip.RegisterAccount
ADDED from Desktop/lumicall/AndroidManifest.xml:89:9-97:20
	android:label
		ADDED from Desktop/lumicall/AndroidManifest.xml:91:13-45
	android:launchMode
		ADDED from Desktop/lumicall/AndroidManifest.xml:91:46-81
	android:configChanges
		ADDED from Desktop/lumicall/AndroidManifest.xml:92:10-60
	android:name
		ADDED from Desktop/lumicall/AndroidManifest.xml:90:13-68
intent-filter#android.intent.action.MAIN+android.intent.category.LAUNCHER
ADDED from Desktop/lumicall/AndroidManifest.xml:93:13-96:29
action#android.intent.action.MAIN
ADDED from Desktop/lumicall/AndroidManifest.xml:94:17-69
	android:name
		ADDED from Desktop/lumicall/AndroidManifest.xml:94:25-66
category#android.intent.category.LAUNCHER
ADDED from Desktop/lumicall/AndroidManifest.xml:95:17-77
	android:name
		ADDED from Desktop/lumicall/AndroidManifest.xml:95:27-74
activity#org.lumicall.android.sip.ManualVerification
ADDED from Desktop/lumicall/AndroidManifest.xml:98:9-102:20
	android:label
		ADDED from Desktop/lumicall/AndroidManifest.xml:100:13-45
	android:launchMode
		ADDED from Desktop/lumicall/AndroidManifest.xml:100:46-81
	android:configChanges
		ADDED from Desktop/lumicall/AndroidManifest.xml:101:10-60
	android:name
		ADDED from Desktop/lumicall/AndroidManifest.xml:99:13-71
activity#org.lumicall.android.sip.ActivateAccount
ADDED from Desktop/lumicall/AndroidManifest.xml:103:9-110:20
	android:label
		ADDED from Desktop/lumicall/AndroidManifest.xml:105:13-45
	android:launchMode
		ADDED from Desktop/lumicall/AndroidManifest.xml:105:46-81
	android:configChanges
		ADDED from Desktop/lumicall/AndroidManifest.xml:106:10-60
	android:name
		ADDED from Desktop/lumicall/AndroidManifest.xml:104:13-68
intent-filter#org.lumicall.android.extra.VALIDATION_ATTEMPTED
ADDED from Desktop/lumicall/AndroidManifest.xml:107:13-109:29
	android:priority
		ADDED from Desktop/lumicall/AndroidManifest.xml:107:28-50
action#org.lumicall.android.extra.VALIDATION_ATTEMPTED
ADDED from Desktop/lumicall/AndroidManifest.xml:108:17-90
	android:name
		ADDED from Desktop/lumicall/AndroidManifest.xml:108:25-87
activity#org.lumicall.android.sip.RegisterOtherAccount
ADDED from Desktop/lumicall/AndroidManifest.xml:111:9-115:20
	android:label
		ADDED from Desktop/lumicall/AndroidManifest.xml:113:13-45
	android:launchMode
		ADDED from Desktop/lumicall/AndroidManifest.xml:113:46-81
	android:configChanges
		ADDED from Desktop/lumicall/AndroidManifest.xml:114:17-67
	android:name
		ADDED from Desktop/lumicall/AndroidManifest.xml:112:13-73
activity#org.sipdroid.sipua.ui.PSTN
ADDED from Desktop/lumicall/AndroidManifest.xml:116:9-125:20
	android:label
		ADDED from Desktop/lumicall/AndroidManifest.xml:116:61-94
	android:icon
		ADDED from Desktop/lumicall/AndroidManifest.xml:117:10-52
	android:name
		ADDED from Desktop/lumicall/AndroidManifest.xml:116:19-60
intent-filter#android.intent.action.SENDTO+android.intent.category.BROWSABLE+android.intent.category.DEFAULT
ADDED from Desktop/lumicall/AndroidManifest.xml:118:13-124:29
action#android.intent.action.SENDTO
ADDED from Desktop/lumicall/AndroidManifest.xml:119:17-71
	android:name
		ADDED from Desktop/lumicall/AndroidManifest.xml:119:25-68
category#android.intent.category.DEFAULT
ADDED from Desktop/lumicall/AndroidManifest.xml:120:17-76
	android:name
		ADDED from Desktop/lumicall/AndroidManifest.xml:120:27-73
category#android.intent.category.BROWSABLE
ADDED from Desktop/lumicall/AndroidManifest.xml:121:17-78
	android:name
		ADDED from Desktop/lumicall/AndroidManifest.xml:121:27-75
data
ADDED from Desktop/lumicall/AndroidManifest.xml:122:17-46
	android:scheme
		ADDED from Desktop/lumicall/AndroidManifest.xml:122:23-43
activity#org.sipdroid.sipua.ui.SIP
ADDED from Desktop/lumicall/AndroidManifest.xml:126:9-135:20
	android:label
		ADDED from Desktop/lumicall/AndroidManifest.xml:126:60-92
	android:name
		ADDED from Desktop/lumicall/AndroidManifest.xml:126:19-59
activity#org.sipdroid.sipua.ui.AutoAnswer
ADDED from Desktop/lumicall/AndroidManifest.xml:136:9-101
	android:label
		ADDED from Desktop/lumicall/AndroidManifest.xml:136:67-99
	android:name
		ADDED from Desktop/lumicall/AndroidManifest.xml:136:19-66
activity#org.sipdroid.sipua.ui.ChangeAccount
ADDED from Desktop/lumicall/AndroidManifest.xml:137:9-104
	android:label
		ADDED from Desktop/lumicall/AndroidManifest.xml:137:70-102
	android:name
		ADDED from Desktop/lumicall/AndroidManifest.xml:137:19-69
activity#org.sipdroid.sipua.ui.SIPUri
ADDED from Desktop/lumicall/AndroidManifest.xml:138:9-181:20
	android:label
		ADDED from Desktop/lumicall/AndroidManifest.xml:138:63-95
	android:theme
		ADDED from Desktop/lumicall/AndroidManifest.xml:139:11-54
	android:name
		ADDED from Desktop/lumicall/AndroidManifest.xml:138:19-62
intent-filter#android.intent.action.CALL+android.intent.category.DEFAULT
ADDED from Desktop/lumicall/AndroidManifest.xml:140:13-145:29
action#android.intent.action.CALL
ADDED from Desktop/lumicall/AndroidManifest.xml:141:17-69
	android:name
		ADDED from Desktop/lumicall/AndroidManifest.xml:141:25-66
intent-filter#android.intent.action.SENDTO+android.intent.action.VIEW+android.intent.category.BROWSABLE+android.intent.category.DEFAULT
ADDED from Desktop/lumicall/AndroidManifest.xml:146:13-153:29
action#android.intent.action.VIEW
ADDED from Desktop/lumicall/AndroidManifest.xml:148:17-69
	android:name
		ADDED from Desktop/lumicall/AndroidManifest.xml:148:25-66
intent-filter#android.intent.action.CALL_PRIVILEGED+android.intent.category.DEFAULT
ADDED from Desktop/lumicall/AndroidManifest.xml:154:13-180:29
action#android.intent.action.CALL_PRIVILEGED
ADDED from Desktop/lumicall/AndroidManifest.xml:155:17-80
	android:name
		ADDED from Desktop/lumicall/AndroidManifest.xml:155:25-77
activity#org.sipdroid.sipua.ui.Activity2
ADDED from Desktop/lumicall/AndroidManifest.xml:182:9-183:69
	android:label
		ADDED from Desktop/lumicall/AndroidManifest.xml:182:66-98
	android:excludeFromRecents
		ADDED from Desktop/lumicall/AndroidManifest.xml:183:10-43
	android:taskAffinity
		ADDED from Desktop/lumicall/AndroidManifest.xml:183:44-67
	android:name
		ADDED from Desktop/lumicall/AndroidManifest.xml:182:19-65
activity#org.sipdroid.sipua.ui.Settings
ADDED from Desktop/lumicall/AndroidManifest.xml:184:9-187:20
	android:label
		ADDED from Desktop/lumicall/AndroidManifest.xml:184:65-97
	android:configChanges
		ADDED from Desktop/lumicall/AndroidManifest.xml:185:10-60
	android:name
		ADDED from Desktop/lumicall/AndroidManifest.xml:184:19-64
activity#org.lumicall.android.preferences.SIPIdentitiesSettings
ADDED from Desktop/lumicall/AndroidManifest.xml:188:9-189:20
	android:label
		ADDED from Desktop/lumicall/AndroidManifest.xml:188:69-101
	android:name
		ADDED from Desktop/lumicall/AndroidManifest.xml:188:19-68
activity#org.lumicall.android.preferences.SIPIdentitySettings
ADDED from Desktop/lumicall/AndroidManifest.xml:190:9-191:20
	android:label
		ADDED from Desktop/lumicall/AndroidManifest.xml:190:67-99
	android:name
		ADDED from Desktop/lumicall/AndroidManifest.xml:190:19-66
activity#org.lumicall.android.preferences.ENUMSuffixesSettings
ADDED from Desktop/lumicall/AndroidManifest.xml:192:9-193:20
	android:label
		ADDED from Desktop/lumicall/AndroidManifest.xml:192:68-100
	android:name
		ADDED from Desktop/lumicall/AndroidManifest.xml:192:19-67
activity#org.lumicall.android.preferences.ENUMSuffixSettings
ADDED from Desktop/lumicall/AndroidManifest.xml:194:9-195:20
	android:label
		ADDED from Desktop/lumicall/AndroidManifest.xml:194:66-98
	android:name
		ADDED from Desktop/lumicall/AndroidManifest.xml:194:19-65
activity#org.lumicall.android.preferences.PTTChannelsSettings
ADDED from Desktop/lumicall/AndroidManifest.xml:196:9-197:20
	android:label
		ADDED from Desktop/lumicall/AndroidManifest.xml:196:67-99
	android:name
		ADDED from Desktop/lumicall/AndroidManifest.xml:196:19-66
activity#org.lumicall.android.preferences.PTTChannelSettings
ADDED from Desktop/lumicall/AndroidManifest.xml:198:9-199:20
	android:label
		ADDED from Desktop/lumicall/AndroidManifest.xml:198:66-98
	android:name
		ADDED from Desktop/lumicall/AndroidManifest.xml:198:19-65
activity#org.sipdroid.codecs.Codecs$CodecSettings
ADDED from Desktop/lumicall/AndroidManifest.xml:200:9-203:20
	android:label
		ADDED from Desktop/lumicall/AndroidManifest.xml:202:5-37
	android:name
		ADDED from Desktop/lumicall/AndroidManifest.xml:201:5-60
activity#org.sipdroid.sipua.ui.VideoCamera
ADDED from Desktop/lumicall/AndroidManifest.xml:204:9-210:20
	android:clearTaskOnLaunch
		ADDED from Desktop/lumicall/AndroidManifest.xml:208:10-42
	android:screenOrientation
		ADDED from Desktop/lumicall/AndroidManifest.xml:207:10-47
	android:label
		ADDED from Desktop/lumicall/AndroidManifest.xml:204:68-102
	android:excludeFromRecents
		ADDED from Desktop/lumicall/AndroidManifest.xml:205:10-43
	android:configChanges
		ADDED from Desktop/lumicall/AndroidManifest.xml:209:10-60
	android:theme
		ADDED from Desktop/lumicall/AndroidManifest.xml:206:4-68
	android:taskAffinity
		ADDED from Desktop/lumicall/AndroidManifest.xml:205:44-67
	android:name
		ADDED from Desktop/lumicall/AndroidManifest.xml:204:19-67
activity#org.sipdroid.sipua.ui.InCallScreen
ADDED from Desktop/lumicall/AndroidManifest.xml:211:9-214:20
	android:label
		ADDED from Desktop/lumicall/AndroidManifest.xml:211:69-101
	android:excludeFromRecents
		ADDED from Desktop/lumicall/AndroidManifest.xml:212:10-43
	android:launchMode
		ADDED from Desktop/lumicall/AndroidManifest.xml:213:10-45
	android:taskAffinity
		ADDED from Desktop/lumicall/AndroidManifest.xml:212:44-67
	android:name
		ADDED from Desktop/lumicall/AndroidManifest.xml:211:19-68
activity#org.lumicall.android.sip.MessageIndex
ADDED from Desktop/lumicall/AndroidManifest.xml:215:9-220:20
	android:label
		ADDED from Desktop/lumicall/AndroidManifest.xml:217:13-45
	android:launchMode
		ADDED from Desktop/lumicall/AndroidManifest.xml:217:46-81
	android:configChanges
		ADDED from Desktop/lumicall/AndroidManifest.xml:219:10-60
	android:theme
		ADDED from Desktop/lumicall/AndroidManifest.xml:218:13-57
	android:name
		ADDED from Desktop/lumicall/AndroidManifest.xml:216:13-65
activity#org.lumicall.android.sip.NewMessage
ADDED from Desktop/lumicall/AndroidManifest.xml:221:9-225:20
	android:label
		ADDED from Desktop/lumicall/AndroidManifest.xml:223:13-45
	android:launchMode
		ADDED from Desktop/lumicall/AndroidManifest.xml:223:46-81
	android:configChanges
		ADDED from Desktop/lumicall/AndroidManifest.xml:224:10-60
	android:name
		ADDED from Desktop/lumicall/AndroidManifest.xml:222:13-63
receiver#org.sipdroid.sipua.ui.OneShotAlarm
ADDED from Desktop/lumicall/AndroidManifest.xml:226:9-70
	android:name
		ADDED from Desktop/lumicall/AndroidManifest.xml:226:19-68
receiver#org.sipdroid.sipua.ui.OneShotAlarm2
ADDED from Desktop/lumicall/AndroidManifest.xml:227:6-68
	android:name
		ADDED from Desktop/lumicall/AndroidManifest.xml:227:16-66
receiver#org.sipdroid.sipua.ui.LoopAlarm
ADDED from Desktop/lumicall/AndroidManifest.xml:228:6-64
	android:name
		ADDED from Desktop/lumicall/AndroidManifest.xml:228:16-62
receiver#org.sipdroid.sipua.ui.OwnWifi
ADDED from Desktop/lumicall/AndroidManifest.xml:229:6-62
	android:name
		ADDED from Desktop/lumicall/AndroidManifest.xml:229:16-60
receiver#org.sipdroid.sipua.ui.OneShotLocation
ADDED from Desktop/lumicall/AndroidManifest.xml:230:6-70
	android:name
		ADDED from Desktop/lumicall/AndroidManifest.xml:230:16-68
receiver#org.sipdroid.sipua.ui.LoopLocation
ADDED from Desktop/lumicall/AndroidManifest.xml:231:6-67
	android:name
		ADDED from Desktop/lumicall/AndroidManifest.xml:231:16-65
receiver#org.sipdroid.sipua.ui.Caller
ADDED from Desktop/lumicall/AndroidManifest.xml:232:6-236:17
	android:name
		ADDED from Desktop/lumicall/AndroidManifest.xml:232:16-59
intent-filter#android.intent.action.NEW_OUTGOING_CALL
ADDED from Desktop/lumicall/AndroidManifest.xml:233:10-235:26
	android:priority
		ADDED from Desktop/lumicall/AndroidManifest.xml:233:25-48
action#android.intent.action.NEW_OUTGOING_CALL
ADDED from Desktop/lumicall/AndroidManifest.xml:234:11-76
	android:name
		ADDED from Desktop/lumicall/AndroidManifest.xml:234:19-73
receiver#org.lumicall.android.reg.SMSProgressReceiver
ADDED from Desktop/lumicall/AndroidManifest.xml:237:6-242:17
	android:name
		ADDED from Desktop/lumicall/AndroidManifest.xml:237:16-75
intent-filter#org.lumicall.SMS_DELIVERED+org.lumicall.SMS_SENT
ADDED from Desktop/lumicall/AndroidManifest.xml:238:10-241:26
action#org.lumicall.SMS_SENT
ADDED from Desktop/lumicall/AndroidManifest.xml:239:11-58
	android:name
		ADDED from Desktop/lumicall/AndroidManifest.xml:239:19-55
action#org.lumicall.SMS_DELIVERED
ADDED from Desktop/lumicall/AndroidManifest.xml:240:11-63
	android:name
		ADDED from Desktop/lumicall/AndroidManifest.xml:240:19-60
receiver#org.sipdroid.sipua.ui.Receiver
ADDED from Desktop/lumicall/AndroidManifest.xml:243:9-254:17
	android:enabled
		ADDED from Desktop/lumicall/AndroidManifest.xml:243:65-87
	android:name
		ADDED from Desktop/lumicall/AndroidManifest.xml:243:19-64
intent-filter#android.intent.action.BOOT_COMPLETED+android.intent.action.EXTERNAL_APPLICATIONS_AVAILABLE+android.intent.action.EXTERNAL_APPLICATIONS_UNAVAILABLE
ADDED from Desktop/lumicall/AndroidManifest.xml:244:9-248:25
action#android.intent.action.BOOT_COMPLETED
ADDED from Desktop/lumicall/AndroidManifest.xml:245:11-73
	android:name
		ADDED from Desktop/lumicall/AndroidManifest.xml:245:19-70
action#android.intent.action.EXTERNAL_APPLICATIONS_AVAILABLE
ADDED from Desktop/lumicall/AndroidManifest.xml:246:11-90
	android:name
		ADDED from Desktop/lumicall/AndroidManifest.xml:246:19-87
action#android.intent.action.EXTERNAL_APPLICATIONS_UNAVAILABLE
ADDED from Desktop/lumicall/AndroidManifest.xml:247:11-92
	android:name
		ADDED from Desktop/lumicall/AndroidManifest.xml:247:19-89
intent-filter#android.intent.action.PACKAGE_REPLACED
ADDED from Desktop/lumicall/AndroidManifest.xml:249:9-253:25
action#android.intent.action.PACKAGE_REPLACED
ADDED from Desktop/lumicall/AndroidManifest.xml:250:11-75
	android:name
		ADDED from Desktop/lumicall/AndroidManifest.xml:250:19-72
receiver#org.lumicall.android.sms.SMSReceiver
ADDED from Desktop/lumicall/AndroidManifest.xml:255:6-259:24
	android:enabled
		ADDED from Desktop/lumicall/AndroidManifest.xml:255:68-90
	android:name
		ADDED from Desktop/lumicall/AndroidManifest.xml:255:16-67
intent-filter#android.provider.Telephony.SMS_RECEIVED
ADDED from Desktop/lumicall/AndroidManifest.xml:256:17-258:33
	android:priority
		ADDED from Desktop/lumicall/AndroidManifest.xml:256:32-54
action#android.provider.Telephony.SMS_RECEIVED
ADDED from Desktop/lumicall/AndroidManifest.xml:257:21-86
	android:name
		ADDED from Desktop/lumicall/AndroidManifest.xml:257:29-83
receiver#org.lumicall.android.ganglia.AndroidGScheduler
ADDED from Desktop/lumicall/AndroidManifest.xml:265:9-269:20
	android:enabled
		ADDED from Desktop/lumicall/AndroidManifest.xml:265:81-103
	android:name
		ADDED from Desktop/lumicall/AndroidManifest.xml:265:19-80
receiver#org.lumicall.android.AndroidTimer
ADDED from Desktop/lumicall/AndroidManifest.xml:270:9-271:20
	android:enabled
		ADDED from Desktop/lumicall/AndroidManifest.xml:270:68-90
	android:name
		ADDED from Desktop/lumicall/AndroidManifest.xml:270:19-67
service#org.sipdroid.sipua.ui.RegisterService
ADDED from Desktop/lumicall/AndroidManifest.xml:272:6-70
	android:name
		ADDED from Desktop/lumicall/AndroidManifest.xml:272:15-67
service#org.lumicall.android.reg.EnrolmentService
ADDED from Desktop/lumicall/AndroidManifest.xml:273:6-277:16
	android:name
		ADDED from Desktop/lumicall/AndroidManifest.xml:273:15-71
service#org.lumicall.android.ganglia.GMonitorService
ADDED from Desktop/lumicall/AndroidManifest.xml:278:6-279:16
	android:enabled
		ADDED from Desktop/lumicall/AndroidManifest.xml:278:75-97
	android:name
		ADDED from Desktop/lumicall/AndroidManifest.xml:278:15-74